-- The C compiler identification is GNU 9.3.0
-- The CXX compiler identification is GNU 9.3.0
-- Check for working C compiler: /usr/bin/cc
-- Check for working C compiler: /usr/bin/cc -- works
-- Detecting C compiler ABI info
-- Detecting C compiler ABI info - done
-- Detecting C compile features
-- Detecting C compile features - done
-- Check for working CXX compiler: /usr/bin/c++
-- Check for working CXX compiler: /usr/bin/c++ -- works
-- Detecting CXX compiler ABI info
-- Detecting CXX compiler ABI info - done
-- Detecting CXX compile features
-- Detecting CXX compile features - done
-- Found ament_cmake: 0.9.9 (/opt/ros/foxy/share/ament_cmake/cmake)
-- Found PythonInterp: /usr/bin/python3 (found suitable version "3.8.10", minimum required is "3") 
-- Using PYTHON_EXECUTABLE: /usr/bin/python3
-- Override CMake install command with custom implementation using symlinks instead of copying resources
-- Found rclcpp: 2.4.0 (/opt/ros/foxy/share/rclcpp/cmake)
-- Using all available rosidl_typesupport_c: rosidl_typesupport_fastrtps_c;rosidl_typesupport_introspection_c
-- Found rosidl_adapter: 1.2.1 (/opt/ros/foxy/share/rosidl_adapter/cmake)
-- Found OpenSSL: /usr/lib/x86_64-linux-gnu/libcrypto.so (found version "1.1.1f")  
-- Found FastRTPS: /opt/ros/foxy/include  
-- Using all available rosidl_typesupport_cpp: rosidl_typesupport_fastrtps_cpp;rosidl_typesupport_introspection_cpp
-- Found rmw_implementation_cmake: 1.0.3 (/opt/ros/foxy/share/rmw_implementation_cmake/cmake)
-- Using RMW implementation 'rmw_fastrtps_cpp' as default
-- Looking for pthread.h
-- Looking for pthread.h - found
-- Performing Test CMAKE_HAVE_LIBC_PTHREAD
-- Performing Test CMAKE_HAVE_LIBC_PTHREAD - Failed
-- Looking for pthread_create in pthreads
-- Looking for pthread_create in pthreads - not found
-- Looking for pthread_create in pthread
-- Looking for pthread_create in pthread - found
-- Found Threads: TRUE  
-- Found rclcpp_lifecycle: 2.4.0 (/opt/ros/foxy/share/rclcpp_lifecycle/cmake)
-- Found rclcpp_action: 2.4.0 (/opt/ros/foxy/share/rclcpp_action/cmake)
-- Found behaviortree_cpp_v3: 3.6.0 (/opt/ros/foxy/share/behaviortree_cpp_v3/cmake)
-- Found geometry_msgs: 2.0.4 (/opt/ros/foxy/share/geometry_msgs/cmake)
-- Found nav2_msgs: 0.4.7 (/opt/ros/foxy/share/nav2_msgs/cmake)
-- Found ament_index_cpp: 1.1.0 (/opt/ros/foxy/share/ament_index_cpp/cmake)
-- Found ZMQ: /usr/lib/x86_64-linux-gnu/libzmq.so  
-- ZeroMQ found.
-- Found ament_lint_auto: 0.9.6 (/opt/ros/foxy/share/ament_lint_auto/cmake)
-- Found gtest sources under '/opt/ros/foxy/src/gtest_vendor': C++ tests using 'Google Test' will be built
-- Check if compiler accepts -pthread
-- Check if compiler accepts -pthread - yes
-- Added test 'copyright' to check source files copyright and LICENSE
-- Added test 'cppcheck' to perform static code analysis on C / C++ code
-- Configured cppcheck include dirs: /home/carlos/colcon.ws/src/navigation_Roboros/bt_behavior/include
-- Configured cppcheck exclude dirs and/or files: 
-- Added test 'cpplint' to check C / C++ code against the Google style
-- Configured cpplint exclude dirs and/or files: 
-- Added test 'flake8' to check Python code syntax and style conventions
-- Added test 'lint_cmake' to check CMake code style
-- Added test 'pep257' to check Python code against some of the style conventions in PEP 257
-- Added test 'uncrustify' to check C / C++ code style
-- Configured uncrustify additional arguments: 
-- Added test 'xmllint' to check XML markup files
-- Configuring done
-- Generating done
-- Build files have been written to: /home/carlos/colcon.ws/src/navigation_Roboros/build/bt_behavior
[35m[1mScanning dependencies of target gtest_main[0m
[35m[1mScanning dependencies of target patrolling_main[0m
[35m[1mScanning dependencies of target br2_move_bt_node[0m
[35m[1mScanning dependencies of target br2_patrol_bt_node[0m
[35m[1mScanning dependencies of target gtest[0m
[  8%] [32mBuilding CXX object gtest/CMakeFiles/gtest_main.dir/src/gtest_main.cc.o[0m
[ 16%] [32mBuilding CXX object gtest/CMakeFiles/gtest.dir/src/gtest-all.cc.o[0m
[ 25%] [32mBuilding CXX object CMakeFiles/br2_patrol_bt_node.dir/src/bt_behavior/Patrol.cpp.o[0m
[ 33%] [32mBuilding CXX object CMakeFiles/patrolling_main.dir/src/patrolling_main.cpp.o[0m
[ 41%] [32mBuilding CXX object CMakeFiles/br2_move_bt_node.dir/src/bt_behavior/Move.cpp.o[0m
[ 50%] [32m[1mLinking CXX static library libgtest_main.a[0m
[ 50%] Built target gtest_main
[ 58%] [32m[1mLinking CXX executable patrolling_main[0m
[ 58%] Built target patrolling_main
[ 66%] [32m[1mLinking CXX shared library libbr2_patrol_bt_node.so[0m
[ 66%] Built target br2_patrol_bt_node
[ 75%] [32m[1mLinking CXX static library libgtest.a[0m
[ 75%] Built target gtest
[35m[1mScanning dependencies of target bt_action_test[0m
[ 83%] [32mBuilding CXX object tests/CMakeFiles/bt_action_test.dir/bt_action_test.cpp.o[0m
[ 91%] [32m[1mLinking CXX shared library libbr2_move_bt_node.so[0m
[ 91%] Built target br2_move_bt_node
[100%] [32m[1mLinking CXX executable bt_action_test[0m
[100%] Built target bt_action_test
-- Install configuration: "Debug"
-- Execute custom install script
-- Symlinking: /home/carlos/colcon.ws/src/navigation_Roboros/install/bt_behavior/lib/libbr2_patrol_bt_node.so
-- Symlinking: /home/carlos/colcon.ws/src/navigation_Roboros/install/bt_behavior/lib/libbr2_move_bt_node.so
-- Symlinking: /home/carlos/colcon.ws/src/navigation_Roboros/install/bt_behavior/lib/bt_behavior/patrolling_main
-- Symlinking: /home/carlos/colcon.ws/src/navigation_Roboros/install/bt_behavior/include//bt_behavior/Move.hpp
-- Symlinking: /home/carlos/colcon.ws/src/navigation_Roboros/install/bt_behavior/include//bt_behavior/Patrol.hpp
-- Symlinking: /home/carlos/colcon.ws/src/navigation_Roboros/install/bt_behavior/include//bt_behavior/ctrl_support/BTActionNode.hpp
-- Symlinking: /home/carlos/colcon.ws/src/navigation_Roboros/install/bt_behavior/include//bt_behavior/ctrl_support/BTLifecycleCtrlNode.hpp
-- Symlinking: /home/carlos/colcon.ws/src/navigation_Roboros/install/bt_behavior/share/bt_behavior/behavior_tree_xml/behavior.xml
-- Symlinking: /home/carlos/colcon.ws/src/navigation_Roboros/install/bt_behavior/share/bt_behavior/launch/patrolling.launch.py
-- Symlinking: /home/carlos/colcon.ws/src/navigation_Roboros/install/bt_behavior/share/ament_index/resource_index/package_run_dependencies/bt_behavior
-- Symlinking: /home/carlos/colcon.ws/src/navigation_Roboros/install/bt_behavior/share/ament_index/resource_index/parent_prefix_path/bt_behavior
-- Symlinking: /home/carlos/colcon.ws/src/navigation_Roboros/install/bt_behavior/share/bt_behavior/environment/ament_prefix_path.sh
-- Symlinking: /home/carlos/colcon.ws/src/navigation_Roboros/install/bt_behavior/share/bt_behavior/environment/ament_prefix_path.dsv
-- Symlinking: /home/carlos/colcon.ws/src/navigation_Roboros/install/bt_behavior/share/bt_behavior/environment/path.sh
-- Symlinking: /home/carlos/colcon.ws/src/navigation_Roboros/install/bt_behavior/share/bt_behavior/environment/path.dsv
-- Symlinking: /home/carlos/colcon.ws/src/navigation_Roboros/install/bt_behavior/share/bt_behavior/local_setup.bash
-- Symlinking: /home/carlos/colcon.ws/src/navigation_Roboros/install/bt_behavior/share/bt_behavior/local_setup.sh
-- Symlinking: /home/carlos/colcon.ws/src/navigation_Roboros/install/bt_behavior/share/bt_behavior/local_setup.zsh
-- Symlinking: /home/carlos/colcon.ws/src/navigation_Roboros/install/bt_behavior/share/bt_behavior/local_setup.dsv
-- Symlinking: /home/carlos/colcon.ws/src/navigation_Roboros/install/bt_behavior/share/bt_behavior/package.dsv
-- Symlinking: /home/carlos/colcon.ws/src/navigation_Roboros/install/bt_behavior/share/ament_index/resource_index/packages/bt_behavior
-- Symlinking: /home/carlos/colcon.ws/src/navigation_Roboros/install/bt_behavior/share/bt_behavior/cmake/ament_cmake_export_include_directories-extras.cmake
-- Symlinking: /home/carlos/colcon.ws/src/navigation_Roboros/install/bt_behavior/share/bt_behavior/cmake/ament_cmake_export_dependencies-extras.cmake
-- Symlinking: /home/carlos/colcon.ws/src/navigation_Roboros/install/bt_behavior/share/bt_behavior/cmake/bt_behaviorConfig.cmake
-- Symlinking: /home/carlos/colcon.ws/src/navigation_Roboros/install/bt_behavior/share/bt_behavior/cmake/bt_behaviorConfig-version.cmake
-- Symlinking: /home/carlos/colcon.ws/src/navigation_Roboros/install/bt_behavior/share/bt_behavior/package.xml
