[0.039s] Invoking command in '/home/carlos/colcon.ws/src/navigation_Roboros/build/bt_behavior': CMAKE_PREFIX_PATH=${CMAKE_PREFIX_PATH}:/home/carlos/colcon.ws/install/ros2controlcli:/home/carlos/colcon.ws/install/launch_pal:/home/carlos/colcon.ws/install/intro_py_ros2:/opt/ros/foxy /usr/bin/cmake /home/carlos/colcon.ws/src/navigation_Roboros/bt_behavior -DAMENT_CMAKE_SYMLINK_INSTALL=1 -DCMAKE_INSTALL_PREFIX=/home/carlos/colcon.ws/src/navigation_Roboros/install/bt_behavior
[0.265s] -- The C compiler identification is GNU 9.3.0
[0.447s] -- The CXX compiler identification is GNU 9.3.0
[0.467s] -- Check for working C compiler: /usr/bin/cc
[0.636s] -- Check for working C compiler: /usr/bin/cc -- works
[0.639s] -- Detecting C compiler ABI info
[0.808s] -- Detecting C compiler ABI info - done
[0.833s] -- Detecting C compile features
[0.834s] -- Detecting C compile features - done
[0.840s] -- Check for working CXX compiler: /usr/bin/c++
[1.017s] -- Check for working CXX compiler: /usr/bin/c++ -- works
[1.020s] -- Detecting CXX compiler ABI info
[1.215s] -- Detecting CXX compiler ABI info - done
[1.237s] -- Detecting CXX compile features
[1.237s] -- Detecting CXX compile features - done
[1.263s] -- Found ament_cmake: 0.9.9 (/opt/ros/foxy/share/ament_cmake/cmake)
[1.338s] -- Found PythonInterp: /usr/bin/python3 (found suitable version "3.8.10", minimum required is "3") 
[1.338s] -- Using PYTHON_EXECUTABLE: /usr/bin/python3
[1.682s] -- Override CMake install command with custom implementation using symlinks instead of copying resources
[1.848s] -- Found rclcpp: 2.4.0 (/opt/ros/foxy/share/rclcpp/cmake)
[2.077s] -- Using all available rosidl_typesupport_c: rosidl_typesupport_fastrtps_c;rosidl_typesupport_introspection_c
[2.116s] -- Found rosidl_adapter: 1.2.1 (/opt/ros/foxy/share/rosidl_adapter/cmake)
[2.428s] -- Found OpenSSL: /usr/lib/x86_64-linux-gnu/libcrypto.so (found version "1.1.1f")  
[2.509s] -- Found FastRTPS: /opt/ros/foxy/include  
[2.739s] -- Using all available rosidl_typesupport_cpp: rosidl_typesupport_fastrtps_cpp;rosidl_typesupport_introspection_cpp
[2.927s] -- Found rmw_implementation_cmake: 1.0.3 (/opt/ros/foxy/share/rmw_implementation_cmake/cmake)
[2.945s] -- Using RMW implementation 'rmw_fastrtps_cpp' as default
[2.949s] -- Looking for pthread.h
[3.129s] -- Looking for pthread.h - found
[3.130s] -- Performing Test CMAKE_HAVE_LIBC_PTHREAD
[3.306s] -- Performing Test CMAKE_HAVE_LIBC_PTHREAD - Failed
[3.307s] -- Looking for pthread_create in pthreads
[3.456s] -- Looking for pthread_create in pthreads - not found
[3.456s] -- Looking for pthread_create in pthread
[3.623s] -- Looking for pthread_create in pthread - found
[3.626s] -- Found Threads: TRUE  
[3.973s] -- Found rclcpp_lifecycle: 2.4.0 (/opt/ros/foxy/share/rclcpp_lifecycle/cmake)
[4.062s] -- Found rclcpp_action: 2.4.0 (/opt/ros/foxy/share/rclcpp_action/cmake)
[4.246s] -- Found behaviortree_cpp_v3: 3.6.0 (/opt/ros/foxy/share/behaviortree_cpp_v3/cmake)
[4.265s] -- Found geometry_msgs: 2.0.4 (/opt/ros/foxy/share/geometry_msgs/cmake)
[4.337s] -- Found nav2_msgs: 0.4.7 (/opt/ros/foxy/share/nav2_msgs/cmake)
[4.875s] -- Found ament_index_cpp: 1.1.0 (/opt/ros/foxy/share/ament_index_cpp/cmake)
[4.888s] -- Found ZMQ: /usr/lib/x86_64-linux-gnu/libzmq.so  
[4.888s] -- ZeroMQ found.
[4.942s] -- Found ament_lint_auto: 0.9.6 (/opt/ros/foxy/share/ament_lint_auto/cmake)
[5.307s] -- Found gtest sources under '/opt/ros/foxy/src/gtest_vendor': C++ tests using 'Google Test' will be built
[5.311s] -- Check if compiler accepts -pthread
[5.484s] -- Check if compiler accepts -pthread - yes
[5.520s] -- Added test 'copyright' to check source files copyright and LICENSE
[5.526s] -- Added test 'cppcheck' to perform static code analysis on C / C++ code
[5.527s] -- Configured cppcheck include dirs: /home/carlos/colcon.ws/src/navigation_Roboros/bt_behavior/include
[5.527s] -- Configured cppcheck exclude dirs and/or files: 
[5.531s] -- Added test 'cpplint' to check C / C++ code against the Google style
[5.531s] -- Configured cpplint exclude dirs and/or files: 
[5.534s] -- Added test 'flake8' to check Python code syntax and style conventions
[5.537s] -- Added test 'lint_cmake' to check CMake code style
[5.540s] -- Added test 'pep257' to check Python code against some of the style conventions in PEP 257
[5.544s] -- Added test 'uncrustify' to check C / C++ code style
[5.544s] -- Configured uncrustify additional arguments: 
[5.547s] -- Added test 'xmllint' to check XML markup files
[5.561s] -- Configuring done
[5.625s] -- Generating done
[5.629s] -- Build files have been written to: /home/carlos/colcon.ws/src/navigation_Roboros/build/bt_behavior
[5.654s] Invoked command in '/home/carlos/colcon.ws/src/navigation_Roboros/build/bt_behavior' returned '0': CMAKE_PREFIX_PATH=${CMAKE_PREFIX_PATH}:/home/carlos/colcon.ws/install/ros2controlcli:/home/carlos/colcon.ws/install/launch_pal:/home/carlos/colcon.ws/install/intro_py_ros2:/opt/ros/foxy /usr/bin/cmake /home/carlos/colcon.ws/src/navigation_Roboros/bt_behavior -DAMENT_CMAKE_SYMLINK_INSTALL=1 -DCMAKE_INSTALL_PREFIX=/home/carlos/colcon.ws/src/navigation_Roboros/install/bt_behavior
[5.663s] Invoking command in '/home/carlos/colcon.ws/src/navigation_Roboros/build/bt_behavior': CMAKE_PREFIX_PATH=${CMAKE_PREFIX_PATH}:/home/carlos/colcon.ws/install/ros2controlcli:/home/carlos/colcon.ws/install/launch_pal:/home/carlos/colcon.ws/install/intro_py_ros2:/opt/ros/foxy /usr/bin/cmake --build /home/carlos/colcon.ws/src/navigation_Roboros/build/bt_behavior -- -j8 -l8
[5.773s] [35m[1mScanning dependencies of target gtest_main[0m
[5.774s] [35m[1mScanning dependencies of target patrolling_main[0m
[5.776s] [35m[1mScanning dependencies of target br2_move_bt_node[0m
[5.776s] [35m[1mScanning dependencies of target br2_patrol_bt_node[0m
[5.781s] [35m[1mScanning dependencies of target gtest[0m
[5.813s] [  8%] [32mBuilding CXX object gtest/CMakeFiles/gtest_main.dir/src/gtest_main.cc.o[0m
[5.829s] [ 16%] [32mBuilding CXX object gtest/CMakeFiles/gtest.dir/src/gtest-all.cc.o[0m
[5.923s] [ 25%] [32mBuilding CXX object CMakeFiles/br2_patrol_bt_node.dir/src/bt_behavior/Patrol.cpp.o[0m
[5.928s] [ 33%] [32mBuilding CXX object CMakeFiles/patrolling_main.dir/src/patrolling_main.cpp.o[0m
[5.931s] [ 41%] [32mBuilding CXX object CMakeFiles/br2_move_bt_node.dir/src/bt_behavior/Move.cpp.o[0m
[10.422s] [ 50%] [32m[1mLinking CXX static library libgtest_main.a[0m
[10.594s] [ 50%] Built target gtest_main
[14.104s] [ 58%] [32m[1mLinking CXX executable patrolling_main[0m
[14.775s] [ 58%] Built target patrolling_main
[15.582s] [ 66%] [32m[1mLinking CXX shared library libbr2_patrol_bt_node.so[0m
[16.156s] [ 66%] Built target br2_patrol_bt_node
[16.627s] [ 75%] [32m[1mLinking CXX static library libgtest.a[0m
[16.763s] [ 75%] Built target gtest
[16.793s] [35m[1mScanning dependencies of target bt_action_test[0m
[16.894s] [ 83%] [32mBuilding CXX object tests/CMakeFiles/bt_action_test.dir/bt_action_test.cpp.o[0m
[17.127s] [ 91%] [32m[1mLinking CXX shared library libbr2_move_bt_node.so[0m
[17.664s] [ 91%] Built target br2_move_bt_node
[34.583s] [100%] [32m[1mLinking CXX executable bt_action_test[0m
[35.768s] [100%] Built target bt_action_test
[35.796s] Invoked command in '/home/carlos/colcon.ws/src/navigation_Roboros/build/bt_behavior' returned '0': CMAKE_PREFIX_PATH=${CMAKE_PREFIX_PATH}:/home/carlos/colcon.ws/install/ros2controlcli:/home/carlos/colcon.ws/install/launch_pal:/home/carlos/colcon.ws/install/intro_py_ros2:/opt/ros/foxy /usr/bin/cmake --build /home/carlos/colcon.ws/src/navigation_Roboros/build/bt_behavior -- -j8 -l8
[35.929s] Invoking command in '/home/carlos/colcon.ws/src/navigation_Roboros/build/bt_behavior': CMAKE_PREFIX_PATH=${CMAKE_PREFIX_PATH}:/home/carlos/colcon.ws/install/ros2controlcli:/home/carlos/colcon.ws/install/launch_pal:/home/carlos/colcon.ws/install/intro_py_ros2:/opt/ros/foxy /usr/bin/cmake --install /home/carlos/colcon.ws/src/navigation_Roboros/build/bt_behavior
[35.950s] -- Install configuration: "Debug"
[35.950s] -- Execute custom install script
[35.951s] -- Symlinking: /home/carlos/colcon.ws/src/navigation_Roboros/install/bt_behavior/lib/libbr2_patrol_bt_node.so
[35.978s] -- Symlinking: /home/carlos/colcon.ws/src/navigation_Roboros/install/bt_behavior/lib/libbr2_move_bt_node.so
[36.004s] -- Symlinking: /home/carlos/colcon.ws/src/navigation_Roboros/install/bt_behavior/lib/bt_behavior/patrolling_main
[36.028s] -- Symlinking: /home/carlos/colcon.ws/src/navigation_Roboros/install/bt_behavior/include//bt_behavior/Move.hpp
[36.051s] -- Symlinking: /home/carlos/colcon.ws/src/navigation_Roboros/install/bt_behavior/include//bt_behavior/Patrol.hpp
[36.074s] -- Symlinking: /home/carlos/colcon.ws/src/navigation_Roboros/install/bt_behavior/include//bt_behavior/ctrl_support/BTActionNode.hpp
[36.098s] -- Symlinking: /home/carlos/colcon.ws/src/navigation_Roboros/install/bt_behavior/include//bt_behavior/ctrl_support/BTLifecycleCtrlNode.hpp
[36.121s] -- Symlinking: /home/carlos/colcon.ws/src/navigation_Roboros/install/bt_behavior/share/bt_behavior/behavior_tree_xml/behavior.xml
[36.142s] -- Symlinking: /home/carlos/colcon.ws/src/navigation_Roboros/install/bt_behavior/share/bt_behavior/launch/patrolling.launch.py
[36.167s] -- Symlinking: /home/carlos/colcon.ws/src/navigation_Roboros/install/bt_behavior/share/ament_index/resource_index/package_run_dependencies/bt_behavior
[36.192s] -- Symlinking: /home/carlos/colcon.ws/src/navigation_Roboros/install/bt_behavior/share/ament_index/resource_index/parent_prefix_path/bt_behavior
[36.214s] -- Symlinking: /home/carlos/colcon.ws/src/navigation_Roboros/install/bt_behavior/share/bt_behavior/environment/ament_prefix_path.sh
[36.235s] -- Symlinking: /home/carlos/colcon.ws/src/navigation_Roboros/install/bt_behavior/share/bt_behavior/environment/ament_prefix_path.dsv
[36.257s] -- Symlinking: /home/carlos/colcon.ws/src/navigation_Roboros/install/bt_behavior/share/bt_behavior/environment/path.sh
[36.279s] -- Symlinking: /home/carlos/colcon.ws/src/navigation_Roboros/install/bt_behavior/share/bt_behavior/environment/path.dsv
[36.305s] -- Symlinking: /home/carlos/colcon.ws/src/navigation_Roboros/install/bt_behavior/share/bt_behavior/local_setup.bash
[36.332s] -- Symlinking: /home/carlos/colcon.ws/src/navigation_Roboros/install/bt_behavior/share/bt_behavior/local_setup.sh
[36.353s] -- Symlinking: /home/carlos/colcon.ws/src/navigation_Roboros/install/bt_behavior/share/bt_behavior/local_setup.zsh
[36.377s] -- Symlinking: /home/carlos/colcon.ws/src/navigation_Roboros/install/bt_behavior/share/bt_behavior/local_setup.dsv
[36.400s] -- Symlinking: /home/carlos/colcon.ws/src/navigation_Roboros/install/bt_behavior/share/bt_behavior/package.dsv
[36.423s] -- Symlinking: /home/carlos/colcon.ws/src/navigation_Roboros/install/bt_behavior/share/ament_index/resource_index/packages/bt_behavior
[36.446s] -- Symlinking: /home/carlos/colcon.ws/src/navigation_Roboros/install/bt_behavior/share/bt_behavior/cmake/ament_cmake_export_include_directories-extras.cmake
[36.471s] -- Symlinking: /home/carlos/colcon.ws/src/navigation_Roboros/install/bt_behavior/share/bt_behavior/cmake/ament_cmake_export_dependencies-extras.cmake
[36.492s] -- Symlinking: /home/carlos/colcon.ws/src/navigation_Roboros/install/bt_behavior/share/bt_behavior/cmake/bt_behaviorConfig.cmake
[36.512s] -- Symlinking: /home/carlos/colcon.ws/src/navigation_Roboros/install/bt_behavior/share/bt_behavior/cmake/bt_behaviorConfig-version.cmake
[36.534s] -- Symlinking: /home/carlos/colcon.ws/src/navigation_Roboros/install/bt_behavior/share/bt_behavior/package.xml
[36.563s] Invoked command in '/home/carlos/colcon.ws/src/navigation_Roboros/build/bt_behavior' returned '0': CMAKE_PREFIX_PATH=${CMAKE_PREFIX_PATH}:/home/carlos/colcon.ws/install/ros2controlcli:/home/carlos/colcon.ws/install/launch_pal:/home/carlos/colcon.ws/install/intro_py_ros2:/opt/ros/foxy /usr/bin/cmake --install /home/carlos/colcon.ws/src/navigation_Roboros/build/bt_behavior
