[0.371s] DEBUG:colcon:Command line arguments: ['/usr/bin/colcon', 'build', '--symlink-install', '--packages-select', 'bt_behavior']
[0.371s] DEBUG:colcon:Parsed command line arguments: Namespace(allow_overriding=[], ament_cmake_args=None, base_paths=['.'], build_base='build', catkin_cmake_args=None, catkin_skip_building_tests=False, cmake_args=None, cmake_clean_cache=False, cmake_clean_first=False, cmake_force_configure=False, cmake_target=None, cmake_target_skip_unavailable=False, continue_on_error=False, event_handlers=None, executor='parallel', ignore_user_meta=False, install_base='install', log_base=None, log_level=None, main=<bound method BuildVerb.main of <colcon_core.verb.build.BuildVerb object at 0x7f67287ab1f0>>, merge_install=False, metas=['./colcon.meta'], packages_above=None, packages_above_and_dependencies=None, packages_above_depth=None, packages_end=None, packages_ignore=None, packages_ignore_regex=None, packages_select=['bt_behavior'], packages_select_build_failed=False, packages_select_by_dep=None, packages_select_regex=None, packages_select_test_failures=False, packages_skip=None, packages_skip_build_finished=False, packages_skip_by_dep=None, packages_skip_regex=None, packages_skip_test_passed=False, packages_skip_up_to=None, packages_start=None, packages_up_to=None, packages_up_to_regex=None, parallel_workers=8, paths=None, symlink_install=True, test_result_base=None, verb_extension=<colcon_core.verb.build.BuildVerb object at 0x7f67287ab1f0>, verb_name='build', verb_parser=<colcon_defaults.argument_parser.defaults.DefaultArgumentsDecorator object at 0x7f67287ab730>)
[0.386s] Level 1:colcon.colcon_core.package_discovery:discover_packages(colcon_meta) check parameters
[0.386s] Level 1:colcon.colcon_core.package_discovery:discover_packages(recursive) check parameters
[0.386s] Level 1:colcon.colcon_core.package_discovery:discover_packages(ignore) check parameters
[0.386s] Level 1:colcon.colcon_core.package_discovery:discover_packages(path) check parameters
[0.387s] Level 1:colcon.colcon_core.package_discovery:discover_packages(colcon_meta) discover
[0.387s] Level 1:colcon.colcon_core.package_discovery:discover_packages(recursive) discover
[0.387s] INFO:colcon.colcon_core.package_discovery:Crawling recursively for packages in '/home/carlos/colcon.ws/src/navigation_Roboros'
[0.387s] Level 1:colcon.colcon_core.package_identification:_identify(.) by extensions ['ignore', 'ignore_ament_install']
[0.387s] Level 1:colcon.colcon_core.package_identification:_identify(.) by extension 'ignore'
[0.387s] Level 1:colcon.colcon_core.package_identification:_identify(.) by extension 'ignore_ament_install'
[0.387s] Level 1:colcon.colcon_core.package_identification:_identify(.) by extensions ['colcon_pkg']
[0.387s] Level 1:colcon.colcon_core.package_identification:_identify(.) by extension 'colcon_pkg'
[0.387s] Level 1:colcon.colcon_core.package_identification:_identify(.) by extensions ['colcon_meta']
[0.388s] Level 1:colcon.colcon_core.package_identification:_identify(.) by extension 'colcon_meta'
[0.388s] Level 1:colcon.colcon_core.package_identification:_identify(.) by extensions ['ros']
[0.388s] Level 1:colcon.colcon_core.package_identification:_identify(.) by extension 'ros'
[0.510s] Level 1:colcon.colcon_core.package_identification:_identify(.) by extensions ['cmake', 'python']
[0.510s] Level 1:colcon.colcon_core.package_identification:_identify(.) by extension 'cmake'
[0.510s] Level 1:colcon.colcon_core.package_identification:_identify(.) by extension 'python'
[0.510s] Level 1:colcon.colcon_core.package_identification:_identify(.) by extensions ['python_setup_py']
[0.510s] Level 1:colcon.colcon_core.package_identification:_identify(.) by extension 'python_setup_py'
[0.511s] Level 1:colcon.colcon_core.package_identification:_identify(bt_behavior) by extensions ['ignore', 'ignore_ament_install']
[0.511s] Level 1:colcon.colcon_core.package_identification:_identify(bt_behavior) by extension 'ignore'
[0.511s] Level 1:colcon.colcon_core.package_identification:_identify(bt_behavior) by extension 'ignore_ament_install'
[0.511s] Level 1:colcon.colcon_core.package_identification:_identify(bt_behavior) by extensions ['colcon_pkg']
[0.511s] Level 1:colcon.colcon_core.package_identification:_identify(bt_behavior) by extension 'colcon_pkg'
[0.511s] Level 1:colcon.colcon_core.package_identification:_identify(bt_behavior) by extensions ['colcon_meta']
[0.511s] Level 1:colcon.colcon_core.package_identification:_identify(bt_behavior) by extension 'colcon_meta'
[0.511s] Level 1:colcon.colcon_core.package_identification:_identify(bt_behavior) by extensions ['ros']
[0.511s] Level 1:colcon.colcon_core.package_identification:_identify(bt_behavior) by extension 'ros'
[0.517s] DEBUG:colcon.colcon_core.package_identification:Package 'bt_behavior' with type 'ros.ament_cmake' and name 'bt_behavior'
[0.517s] Level 1:colcon.colcon_core.package_identification:_identify(build) by extensions ['ignore', 'ignore_ament_install']
[0.518s] Level 1:colcon.colcon_core.package_identification:_identify(build) by extension 'ignore'
[0.518s] Level 1:colcon.colcon_core.package_identification:_identify(build) ignored
[0.518s] Level 1:colcon.colcon_core.package_identification:_identify(install) by extensions ['ignore', 'ignore_ament_install']
[0.518s] Level 1:colcon.colcon_core.package_identification:_identify(install) by extension 'ignore'
[0.518s] Level 1:colcon.colcon_core.package_identification:_identify(install) ignored
[0.518s] Level 1:colcon.colcon_core.package_identification:_identify(kobuki_navigation) by extensions ['ignore', 'ignore_ament_install']
[0.518s] Level 1:colcon.colcon_core.package_identification:_identify(kobuki_navigation) by extension 'ignore'
[0.518s] Level 1:colcon.colcon_core.package_identification:_identify(kobuki_navigation) by extension 'ignore_ament_install'
[0.519s] Level 1:colcon.colcon_core.package_identification:_identify(kobuki_navigation) by extensions ['colcon_pkg']
[0.519s] Level 1:colcon.colcon_core.package_identification:_identify(kobuki_navigation) by extension 'colcon_pkg'
[0.519s] Level 1:colcon.colcon_core.package_identification:_identify(kobuki_navigation) by extensions ['colcon_meta']
[0.519s] Level 1:colcon.colcon_core.package_identification:_identify(kobuki_navigation) by extension 'colcon_meta'
[0.519s] Level 1:colcon.colcon_core.package_identification:_identify(kobuki_navigation) by extensions ['ros']
[0.519s] Level 1:colcon.colcon_core.package_identification:_identify(kobuki_navigation) by extension 'ros'
[0.520s] DEBUG:colcon.colcon_core.package_identification:Package 'kobuki_navigation' with type 'ros.ament_cmake' and name 'kobuki_navigation'
[0.520s] Level 1:colcon.colcon_core.package_identification:_identify(log) by extensions ['ignore', 'ignore_ament_install']
[0.520s] Level 1:colcon.colcon_core.package_identification:_identify(log) by extension 'ignore'
[0.520s] Level 1:colcon.colcon_core.package_identification:_identify(log) ignored
[0.520s] Level 1:colcon.colcon_core.package_discovery:discover_packages(recursive) using defaults
[0.520s] Level 1:colcon.colcon_core.package_discovery:discover_packages(ignore) discover
[0.520s] Level 1:colcon.colcon_core.package_discovery:discover_packages(ignore) using defaults
[0.520s] Level 1:colcon.colcon_core.package_discovery:discover_packages(path) discover
[0.520s] Level 1:colcon.colcon_core.package_discovery:discover_packages(path) using defaults
[0.557s] INFO:colcon.colcon_core.package_selection:Skipping not selected package 'kobuki_navigation' in 'kobuki_navigation'
[0.558s] Level 5:colcon.colcon_core.verb:set package 'bt_behavior' build argument 'cmake_args' from command line to 'None'
[0.558s] Level 5:colcon.colcon_core.verb:set package 'bt_behavior' build argument 'cmake_target' from command line to 'None'
[0.558s] Level 5:colcon.colcon_core.verb:set package 'bt_behavior' build argument 'cmake_target_skip_unavailable' from command line to 'False'
[0.558s] Level 5:colcon.colcon_core.verb:set package 'bt_behavior' build argument 'cmake_clean_cache' from command line to 'False'
[0.558s] Level 5:colcon.colcon_core.verb:set package 'bt_behavior' build argument 'cmake_clean_first' from command line to 'False'
[0.558s] Level 5:colcon.colcon_core.verb:set package 'bt_behavior' build argument 'cmake_force_configure' from command line to 'False'
[0.558s] Level 5:colcon.colcon_core.verb:set package 'bt_behavior' build argument 'ament_cmake_args' from command line to 'None'
[0.558s] Level 5:colcon.colcon_core.verb:set package 'bt_behavior' build argument 'catkin_cmake_args' from command line to 'None'
[0.558s] Level 5:colcon.colcon_core.verb:set package 'bt_behavior' build argument 'catkin_skip_building_tests' from command line to 'False'
[0.558s] DEBUG:colcon.colcon_core.verb:Building package 'bt_behavior' with the following arguments: {'ament_cmake_args': None, 'build_base': '/home/carlos/colcon.ws/src/navigation_Roboros/build/bt_behavior', 'catkin_cmake_args': None, 'catkin_skip_building_tests': False, 'cmake_args': None, 'cmake_clean_cache': False, 'cmake_clean_first': False, 'cmake_force_configure': False, 'cmake_target': None, 'cmake_target_skip_unavailable': False, 'install_base': '/home/carlos/colcon.ws/src/navigation_Roboros/install/bt_behavior', 'merge_install': False, 'path': '/home/carlos/colcon.ws/src/navigation_Roboros/bt_behavior', 'symlink_install': True, 'test_result_base': None}
[0.576s] INFO:colcon.colcon_core.executor:Executing jobs using 'parallel' executor
[0.579s] DEBUG:colcon.colcon_parallel_executor.executor.parallel:run_until_complete
[0.580s] INFO:colcon.colcon_ros.task.ament_cmake.build:Building ROS package in '/home/carlos/colcon.ws/src/navigation_Roboros/bt_behavior' with build type 'ament_cmake'
[0.581s] INFO:colcon.colcon_cmake.task.cmake.build:Building CMake package in '/home/carlos/colcon.ws/src/navigation_Roboros/bt_behavior'
[0.590s] INFO:colcon.colcon_core.plugin_system:Skipping extension 'colcon_core.shell.bat': Not used on non-Windows systems
[0.590s] INFO:colcon.colcon_core.shell:Skip shell extension 'powershell' for command environment: Not usable outside of PowerShell
[0.590s] DEBUG:colcon.colcon_core.shell:Skip shell extension 'dsv' for command environment
[0.621s] DEBUG:colcon.colcon_core.event_handler.log_command:Invoking command in '/home/carlos/colcon.ws/src/navigation_Roboros/build/bt_behavior': CMAKE_PREFIX_PATH=${CMAKE_PREFIX_PATH}:/home/carlos/colcon.ws/install/ros2controlcli:/home/carlos/colcon.ws/install/launch_pal:/home/carlos/colcon.ws/install/intro_py_ros2:/opt/ros/foxy /usr/bin/cmake /home/carlos/colcon.ws/src/navigation_Roboros/bt_behavior -DAMENT_CMAKE_SYMLINK_INSTALL=1 -DCMAKE_INSTALL_PREFIX=/home/carlos/colcon.ws/src/navigation_Roboros/install/bt_behavior
[6.237s] DEBUG:colcon.colcon_core.event_handler.log_command:Invoked command in '/home/carlos/colcon.ws/src/navigation_Roboros/build/bt_behavior' returned '0': CMAKE_PREFIX_PATH=${CMAKE_PREFIX_PATH}:/home/carlos/colcon.ws/install/ros2controlcli:/home/carlos/colcon.ws/install/launch_pal:/home/carlos/colcon.ws/install/intro_py_ros2:/opt/ros/foxy /usr/bin/cmake /home/carlos/colcon.ws/src/navigation_Roboros/bt_behavior -DAMENT_CMAKE_SYMLINK_INSTALL=1 -DCMAKE_INSTALL_PREFIX=/home/carlos/colcon.ws/src/navigation_Roboros/install/bt_behavior
[6.244s] DEBUG:colcon.colcon_core.event_handler.log_command:Invoking command in '/home/carlos/colcon.ws/src/navigation_Roboros/build/bt_behavior': CMAKE_PREFIX_PATH=${CMAKE_PREFIX_PATH}:/home/carlos/colcon.ws/install/ros2controlcli:/home/carlos/colcon.ws/install/launch_pal:/home/carlos/colcon.ws/install/intro_py_ros2:/opt/ros/foxy /usr/bin/cmake --build /home/carlos/colcon.ws/src/navigation_Roboros/build/bt_behavior -- -j8 -l8
[36.377s] DEBUG:colcon.colcon_core.event_handler.log_command:Invoked command in '/home/carlos/colcon.ws/src/navigation_Roboros/build/bt_behavior' returned '0': CMAKE_PREFIX_PATH=${CMAKE_PREFIX_PATH}:/home/carlos/colcon.ws/install/ros2controlcli:/home/carlos/colcon.ws/install/launch_pal:/home/carlos/colcon.ws/install/intro_py_ros2:/opt/ros/foxy /usr/bin/cmake --build /home/carlos/colcon.ws/src/navigation_Roboros/build/bt_behavior -- -j8 -l8
[36.511s] DEBUG:colcon.colcon_core.event_handler.log_command:Invoking command in '/home/carlos/colcon.ws/src/navigation_Roboros/build/bt_behavior': CMAKE_PREFIX_PATH=${CMAKE_PREFIX_PATH}:/home/carlos/colcon.ws/install/ros2controlcli:/home/carlos/colcon.ws/install/launch_pal:/home/carlos/colcon.ws/install/intro_py_ros2:/opt/ros/foxy /usr/bin/cmake --install /home/carlos/colcon.ws/src/navigation_Roboros/build/bt_behavior
[37.142s] Level 1:colcon.colcon_core.environment:create_environment_scripts_only(bt_behavior)
[37.145s] DEBUG:colcon.colcon_core.event_handler.log_command:Invoked command in '/home/carlos/colcon.ws/src/navigation_Roboros/build/bt_behavior' returned '0': CMAKE_PREFIX_PATH=${CMAKE_PREFIX_PATH}:/home/carlos/colcon.ws/install/ros2controlcli:/home/carlos/colcon.ws/install/launch_pal:/home/carlos/colcon.ws/install/intro_py_ros2:/opt/ros/foxy /usr/bin/cmake --install /home/carlos/colcon.ws/src/navigation_Roboros/build/bt_behavior
[37.160s] Level 1:colcon.colcon_core.environment:checking '/home/carlos/colcon.ws/src/navigation_Roboros/install/bt_behavior' for CMake module files
[37.162s] Level 1:colcon.colcon_core.environment:checking '/home/carlos/colcon.ws/src/navigation_Roboros/install/bt_behavior' for CMake config files
[37.163s] Level 1:colcon.colcon_core.shell:create_environment_hook('bt_behavior', 'cmake_prefix_path')
[37.164s] INFO:colcon.colcon_core.shell:Creating environment hook '/home/carlos/colcon.ws/src/navigation_Roboros/install/bt_behavior/share/bt_behavior/hook/cmake_prefix_path.ps1'
[37.165s] INFO:colcon.colcon_core.shell:Creating environment descriptor '/home/carlos/colcon.ws/src/navigation_Roboros/install/bt_behavior/share/bt_behavior/hook/cmake_prefix_path.dsv'
[37.166s] INFO:colcon.colcon_core.shell:Creating environment hook '/home/carlos/colcon.ws/src/navigation_Roboros/install/bt_behavior/share/bt_behavior/hook/cmake_prefix_path.sh'
[37.168s] Level 1:colcon.colcon_core.environment:checking '/home/carlos/colcon.ws/src/navigation_Roboros/install/bt_behavior/lib'
[37.168s] Level 1:colcon.colcon_core.shell:create_environment_hook('bt_behavior', 'ld_library_path_lib')
[37.169s] INFO:colcon.colcon_core.shell:Creating environment hook '/home/carlos/colcon.ws/src/navigation_Roboros/install/bt_behavior/share/bt_behavior/hook/ld_library_path_lib.ps1'
[37.170s] INFO:colcon.colcon_core.shell:Creating environment descriptor '/home/carlos/colcon.ws/src/navigation_Roboros/install/bt_behavior/share/bt_behavior/hook/ld_library_path_lib.dsv'
[37.170s] INFO:colcon.colcon_core.shell:Creating environment hook '/home/carlos/colcon.ws/src/navigation_Roboros/install/bt_behavior/share/bt_behavior/hook/ld_library_path_lib.sh'
[37.171s] Level 1:colcon.colcon_core.environment:checking '/home/carlos/colcon.ws/src/navigation_Roboros/install/bt_behavior/bin'
[37.171s] Level 1:colcon.colcon_core.environment:checking '/home/carlos/colcon.ws/src/navigation_Roboros/install/bt_behavior/lib/pkgconfig/bt_behavior.pc'
[37.171s] Level 1:colcon.colcon_core.environment:checking '/home/carlos/colcon.ws/src/navigation_Roboros/install/bt_behavior/lib/python3.8/site-packages'
[37.173s] INFO:colcon.colcon_core.shell:Creating package script '/home/carlos/colcon.ws/src/navigation_Roboros/install/bt_behavior/share/bt_behavior/package.ps1'
[37.174s] INFO:colcon.colcon_core.shell:Creating package descriptor '/home/carlos/colcon.ws/src/navigation_Roboros/install/bt_behavior/share/bt_behavior/package.dsv'
[37.175s] INFO:colcon.colcon_core.shell:Creating package script '/home/carlos/colcon.ws/src/navigation_Roboros/install/bt_behavior/share/bt_behavior/package.sh'
[37.176s] INFO:colcon.colcon_core.shell:Creating package script '/home/carlos/colcon.ws/src/navigation_Roboros/install/bt_behavior/share/bt_behavior/package.bash'
[37.178s] INFO:colcon.colcon_core.shell:Creating package script '/home/carlos/colcon.ws/src/navigation_Roboros/install/bt_behavior/share/bt_behavior/package.zsh'
[37.179s] Level 1:colcon.colcon_core.environment:create_file_with_runtime_dependencies(/home/carlos/colcon.ws/src/navigation_Roboros/install/bt_behavior/share/colcon-core/packages/bt_behavior)
[37.281s] Level 1:colcon.colcon_core.environment:create_environment_scripts_only(bt_behavior)
[37.284s] Level 1:colcon.colcon_core.environment:checking '/home/carlos/colcon.ws/src/navigation_Roboros/install/bt_behavior' for CMake module files
[37.285s] Level 1:colcon.colcon_core.environment:checking '/home/carlos/colcon.ws/src/navigation_Roboros/install/bt_behavior' for CMake config files
[37.285s] Level 1:colcon.colcon_core.shell:create_environment_hook('bt_behavior', 'cmake_prefix_path')
[37.286s] INFO:colcon.colcon_core.shell:Creating environment hook '/home/carlos/colcon.ws/src/navigation_Roboros/install/bt_behavior/share/bt_behavior/hook/cmake_prefix_path.ps1'
[37.287s] INFO:colcon.colcon_core.shell:Creating environment descriptor '/home/carlos/colcon.ws/src/navigation_Roboros/install/bt_behavior/share/bt_behavior/hook/cmake_prefix_path.dsv'
[37.288s] INFO:colcon.colcon_core.shell:Creating environment hook '/home/carlos/colcon.ws/src/navigation_Roboros/install/bt_behavior/share/bt_behavior/hook/cmake_prefix_path.sh'
[37.289s] Level 1:colcon.colcon_core.environment:checking '/home/carlos/colcon.ws/src/navigation_Roboros/install/bt_behavior/lib'
[37.289s] Level 1:colcon.colcon_core.shell:create_environment_hook('bt_behavior', 'ld_library_path_lib')
[37.290s] INFO:colcon.colcon_core.shell:Creating environment hook '/home/carlos/colcon.ws/src/navigation_Roboros/install/bt_behavior/share/bt_behavior/hook/ld_library_path_lib.ps1'
[37.291s] INFO:colcon.colcon_core.shell:Creating environment descriptor '/home/carlos/colcon.ws/src/navigation_Roboros/install/bt_behavior/share/bt_behavior/hook/ld_library_path_lib.dsv'
[37.291s] INFO:colcon.colcon_core.shell:Creating environment hook '/home/carlos/colcon.ws/src/navigation_Roboros/install/bt_behavior/share/bt_behavior/hook/ld_library_path_lib.sh'
[37.292s] Level 1:colcon.colcon_core.environment:checking '/home/carlos/colcon.ws/src/navigation_Roboros/install/bt_behavior/bin'
[37.292s] Level 1:colcon.colcon_core.environment:checking '/home/carlos/colcon.ws/src/navigation_Roboros/install/bt_behavior/lib/pkgconfig/bt_behavior.pc'
[37.292s] Level 1:colcon.colcon_core.environment:checking '/home/carlos/colcon.ws/src/navigation_Roboros/install/bt_behavior/lib/python3.8/site-packages'
[37.293s] INFO:colcon.colcon_core.shell:Creating package script '/home/carlos/colcon.ws/src/navigation_Roboros/install/bt_behavior/share/bt_behavior/package.ps1'
[37.294s] INFO:colcon.colcon_core.shell:Creating package descriptor '/home/carlos/colcon.ws/src/navigation_Roboros/install/bt_behavior/share/bt_behavior/package.dsv'
[37.295s] INFO:colcon.colcon_core.shell:Creating package script '/home/carlos/colcon.ws/src/navigation_Roboros/install/bt_behavior/share/bt_behavior/package.sh'
[37.296s] INFO:colcon.colcon_core.shell:Creating package script '/home/carlos/colcon.ws/src/navigation_Roboros/install/bt_behavior/share/bt_behavior/package.bash'
[37.296s] INFO:colcon.colcon_core.shell:Creating package script '/home/carlos/colcon.ws/src/navigation_Roboros/install/bt_behavior/share/bt_behavior/package.zsh'
[37.297s] Level 1:colcon.colcon_core.environment:create_file_with_runtime_dependencies(/home/carlos/colcon.ws/src/navigation_Roboros/install/bt_behavior/share/colcon-core/packages/bt_behavior)
[37.298s] DEBUG:colcon.colcon_parallel_executor.executor.parallel:closing loop
[37.298s] DEBUG:colcon.colcon_parallel_executor.executor.parallel:loop closed
[37.298s] DEBUG:colcon.colcon_parallel_executor.executor.parallel:run_until_complete finished with '0'
[37.299s] DEBUG:colcon.colcon_core.event_reactor:joining thread
[37.315s] INFO:colcon.colcon_core.plugin_system:Skipping extension 'colcon_notification.desktop_notification.terminal_notifier': Not used on non-Darwin systems
[37.316s] INFO:colcon.colcon_core.plugin_system:Skipping extension 'colcon_notification.desktop_notification.win32': Not used on non-Windows systems
[37.316s] INFO:colcon.colcon_notification.desktop_notification:Sending desktop notification using 'notify2'
[37.357s] DEBUG:colcon.colcon_core.event_reactor:joined thread
[37.359s] INFO:colcon.colcon_core.shell:Creating prefix script '/home/carlos/colcon.ws/src/navigation_Roboros/install/local_setup.ps1'
[37.362s] INFO:colcon.colcon_core.shell:Creating prefix util module '/home/carlos/colcon.ws/src/navigation_Roboros/install/_local_setup_util_ps1.py'
[37.365s] INFO:colcon.colcon_core.shell:Creating prefix chain script '/home/carlos/colcon.ws/src/navigation_Roboros/install/setup.ps1'
[37.374s] INFO:colcon.colcon_core.shell:Creating prefix script '/home/carlos/colcon.ws/src/navigation_Roboros/install/local_setup.sh'
[37.375s] INFO:colcon.colcon_core.shell:Creating prefix util module '/home/carlos/colcon.ws/src/navigation_Roboros/install/_local_setup_util_sh.py'
[37.376s] INFO:colcon.colcon_core.shell:Creating prefix chain script '/home/carlos/colcon.ws/src/navigation_Roboros/install/setup.sh'
[37.385s] INFO:colcon.colcon_core.shell:Creating prefix script '/home/carlos/colcon.ws/src/navigation_Roboros/install/local_setup.bash'
[37.386s] INFO:colcon.colcon_core.shell:Creating prefix chain script '/home/carlos/colcon.ws/src/navigation_Roboros/install/setup.bash'
[37.394s] INFO:colcon.colcon_core.shell:Creating prefix script '/home/carlos/colcon.ws/src/navigation_Roboros/install/local_setup.zsh'
[37.394s] INFO:colcon.colcon_core.shell:Creating prefix chain script '/home/carlos/colcon.ws/src/navigation_Roboros/install/setup.zsh'
