[35m[1mScanning dependencies of target br2_move_bt_node[0m
[ 12%] Built target gtest_main
[ 25%] Built target gtest
[ 37%] Built target br2_getwaypoint_bt_node
[ 50%] Built target br2_patrol_bt_node
[ 62%] Built target patrolling_main
[ 75%] Built target br2_obstacledetection_bt_node
[ 81%] [32mBuilding CXX object CMakeFiles/br2_move_bt_node.dir/src/bt_behavior/Move.cpp.o[0m
[ 93%] Built target bt_action_test
[100%] [32m[1mLinking CXX shared library libbr2_move_bt_node.so[0m
[100%] Built target br2_move_bt_node
-- Install configuration: "Debug"
-- Installing: /home/jhondl/Documents/universidad/2021/Planificacion/colcon_ws/src/navigation_Roboros/install/bt_behavior/lib/libbr2_patrol_bt_node.so
-- Set runtime path of "/home/jhondl/Documents/universidad/2021/Planificacion/colcon_ws/src/navigation_Roboros/install/bt_behavior/lib/libbr2_patrol_bt_node.so" to ""
-- Installing: /home/jhondl/Documents/universidad/2021/Planificacion/colcon_ws/src/navigation_Roboros/install/bt_behavior/lib/libbr2_move_bt_node.so
-- Set runtime path of "/home/jhondl/Documents/universidad/2021/Planificacion/colcon_ws/src/navigation_Roboros/install/bt_behavior/lib/libbr2_move_bt_node.so" to ""
-- Installing: /home/jhondl/Documents/universidad/2021/Planificacion/colcon_ws/src/navigation_Roboros/install/bt_behavior/lib/libbr2_getwaypoint_bt_node.so
-- Set runtime path of "/home/jhondl/Documents/universidad/2021/Planificacion/colcon_ws/src/navigation_Roboros/install/bt_behavior/lib/libbr2_getwaypoint_bt_node.so" to ""
-- Installing: /home/jhondl/Documents/universidad/2021/Planificacion/colcon_ws/src/navigation_Roboros/install/bt_behavior/lib/libbr2_obstacledetection_bt_node.so
-- Set runtime path of "/home/jhondl/Documents/universidad/2021/Planificacion/colcon_ws/src/navigation_Roboros/install/bt_behavior/lib/libbr2_obstacledetection_bt_node.so" to ""
-- Installing: /home/jhondl/Documents/universidad/2021/Planificacion/colcon_ws/src/navigation_Roboros/install/bt_behavior/lib/bt_behavior/patrolling_main
-- Set runtime path of "/home/jhondl/Documents/universidad/2021/Planificacion/colcon_ws/src/navigation_Roboros/install/bt_behavior/lib/bt_behavior/patrolling_main" to ""
-- Installing: /home/jhondl/Documents/universidad/2021/Planificacion/colcon_ws/src/navigation_Roboros/install/bt_behavior/share/bt_behavior/launch
-- Installing: /home/jhondl/Documents/universidad/2021/Planificacion/colcon_ws/src/navigation_Roboros/install/bt_behavior/share/bt_behavior/launch/patrolling.launch.py
-- Installing: /home/jhondl/Documents/universidad/2021/Planificacion/colcon_ws/src/navigation_Roboros/install/bt_behavior/share/bt_behavior/config
-- Installing: /home/jhondl/Documents/universidad/2021/Planificacion/colcon_ws/src/navigation_Roboros/install/bt_behavior/share/bt_behavior/config/waypoints.yaml
-- Installing: /home/jhondl/Documents/universidad/2021/Planificacion/colcon_ws/src/navigation_Roboros/install/bt_behavior/include/
-- Installing: /home/jhondl/Documents/universidad/2021/Planificacion/colcon_ws/src/navigation_Roboros/install/bt_behavior/include//bt_behavior
-- Installing: /home/jhondl/Documents/universidad/2021/Planificacion/colcon_ws/src/navigation_Roboros/install/bt_behavior/include//bt_behavior/ObstacleAvoidance.hpp
-- Installing: /home/jhondl/Documents/universidad/2021/Planificacion/colcon_ws/src/navigation_Roboros/install/bt_behavior/include//bt_behavior/ctrl_support
-- Installing: /home/jhondl/Documents/universidad/2021/Planificacion/colcon_ws/src/navigation_Roboros/install/bt_behavior/include//bt_behavior/ctrl_support/BTLifecycleCtrlNode.hpp
-- Installing: /home/jhondl/Documents/universidad/2021/Planificacion/colcon_ws/src/navigation_Roboros/install/bt_behavior/include//bt_behavior/ctrl_support/BTActionNode.hpp
-- Installing: /home/jhondl/Documents/universidad/2021/Planificacion/colcon_ws/src/navigation_Roboros/install/bt_behavior/include//bt_behavior/GetWaypoint.hpp
-- Installing: /home/jhondl/Documents/universidad/2021/Planificacion/colcon_ws/src/navigation_Roboros/install/bt_behavior/include//bt_behavior/Move.hpp
-- Installing: /home/jhondl/Documents/universidad/2021/Planificacion/colcon_ws/src/navigation_Roboros/install/bt_behavior/include//bt_behavior/ObstacleDetection.hpp
-- Installing: /home/jhondl/Documents/universidad/2021/Planificacion/colcon_ws/src/navigation_Roboros/install/bt_behavior/include//bt_behavior/Patrol.hpp
-- Installing: /home/jhondl/Documents/universidad/2021/Planificacion/colcon_ws/src/navigation_Roboros/install/bt_behavior/share/bt_behavior/behavior_tree_xml
-- Installing: /home/jhondl/Documents/universidad/2021/Planificacion/colcon_ws/src/navigation_Roboros/install/bt_behavior/share/bt_behavior/behavior_tree_xml/simple.xml
-- Installing: /home/jhondl/Documents/universidad/2021/Planificacion/colcon_ws/src/navigation_Roboros/install/bt_behavior/share/bt_behavior/behavior_tree_xml/notSoSimple.xml
-- Installing: /home/jhondl/Documents/universidad/2021/Planificacion/colcon_ws/src/navigation_Roboros/install/bt_behavior/share/bt_behavior/behavior_tree_xml/behavior.xml
-- Installing: /home/jhondl/Documents/universidad/2021/Planificacion/colcon_ws/src/navigation_Roboros/install/bt_behavior/share/bt_behavior/behavior_tree_xml/simple2.xml
-- Installing: /home/jhondl/Documents/universidad/2021/Planificacion/colcon_ws/src/navigation_Roboros/install/bt_behavior/share/bt_behavior/behavior_tree_xml/simple_patrol.xml
-- Up-to-date: /home/jhondl/Documents/universidad/2021/Planificacion/colcon_ws/src/navigation_Roboros/install/bt_behavior/share/bt_behavior/launch
-- Up-to-date: /home/jhondl/Documents/universidad/2021/Planificacion/colcon_ws/src/navigation_Roboros/install/bt_behavior/share/bt_behavior/launch/patrolling.launch.py
-- Installing: /home/jhondl/Documents/universidad/2021/Planificacion/colcon_ws/src/navigation_Roboros/install/bt_behavior/share/ament_index/resource_index/package_run_dependencies/bt_behavior
-- Installing: /home/jhondl/Documents/universidad/2021/Planificacion/colcon_ws/src/navigation_Roboros/install/bt_behavior/share/ament_index/resource_index/parent_prefix_path/bt_behavior
-- Installing: /home/jhondl/Documents/universidad/2021/Planificacion/colcon_ws/src/navigation_Roboros/install/bt_behavior/share/bt_behavior/environment/ament_prefix_path.sh
-- Installing: /home/jhondl/Documents/universidad/2021/Planificacion/colcon_ws/src/navigation_Roboros/install/bt_behavior/share/bt_behavior/environment/ament_prefix_path.dsv
-- Installing: /home/jhondl/Documents/universidad/2021/Planificacion/colcon_ws/src/navigation_Roboros/install/bt_behavior/share/bt_behavior/environment/path.sh
-- Installing: /home/jhondl/Documents/universidad/2021/Planificacion/colcon_ws/src/navigation_Roboros/install/bt_behavior/share/bt_behavior/environment/path.dsv
-- Installing: /home/jhondl/Documents/universidad/2021/Planificacion/colcon_ws/src/navigation_Roboros/install/bt_behavior/share/bt_behavior/local_setup.bash
-- Installing: /home/jhondl/Documents/universidad/2021/Planificacion/colcon_ws/src/navigation_Roboros/install/bt_behavior/share/bt_behavior/local_setup.sh
-- Installing: /home/jhondl/Documents/universidad/2021/Planificacion/colcon_ws/src/navigation_Roboros/install/bt_behavior/share/bt_behavior/local_setup.zsh
-- Installing: /home/jhondl/Documents/universidad/2021/Planificacion/colcon_ws/src/navigation_Roboros/install/bt_behavior/share/bt_behavior/local_setup.dsv
-- Installing: /home/jhondl/Documents/universidad/2021/Planificacion/colcon_ws/src/navigation_Roboros/install/bt_behavior/share/bt_behavior/package.dsv
-- Installing: /home/jhondl/Documents/universidad/2021/Planificacion/colcon_ws/src/navigation_Roboros/install/bt_behavior/share/ament_index/resource_index/packages/bt_behavior
-- Installing: /home/jhondl/Documents/universidad/2021/Planificacion/colcon_ws/src/navigation_Roboros/install/bt_behavior/share/bt_behavior/cmake/ament_cmake_export_include_directories-extras.cmake
-- Installing: /home/jhondl/Documents/universidad/2021/Planificacion/colcon_ws/src/navigation_Roboros/install/bt_behavior/share/bt_behavior/cmake/ament_cmake_export_dependencies-extras.cmake
-- Installing: /home/jhondl/Documents/universidad/2021/Planificacion/colcon_ws/src/navigation_Roboros/install/bt_behavior/share/bt_behavior/cmake/bt_behaviorConfig.cmake
-- Installing: /home/jhondl/Documents/universidad/2021/Planificacion/colcon_ws/src/navigation_Roboros/install/bt_behavior/share/bt_behavior/cmake/bt_behaviorConfig-version.cmake
-- Installing: /home/jhondl/Documents/universidad/2021/Planificacion/colcon_ws/src/navigation_Roboros/install/bt_behavior/share/bt_behavior/package.xml
